<?xml version="1.0" encoding="UTF-8"?>
<testng-results ignored="0" total="4" passed="4" failed="0" skipped="0">
  <reporter-output>
  </reporter-output>
  <suite started-at="2021-12-20T05:29:49Z" name="Suite" finished-at="2021-12-20T05:29:56Z" duration-ms="7002">
    <groups>
    </groups>
    <test started-at="2021-12-20T05:29:49Z" name="Test" finished-at="2021-12-20T05:29:56Z" duration-ms="7002">
      <class name="TravelAgency.blazedemo.AppTest">
        <test-method signature="App()[pri:0, instance:TravelAgency.blazedemo.AppTest@6aa61224]" started-at="2021-12-20T05:29:55Z" name="App" finished-at="2021-12-20T05:29:55Z" duration-ms="2" status="PASS">
          <reporter-output>
          </reporter-output>
        </test-method> <!-- App -->
      </class> <!-- TravelAgency.blazedemo.AppTest -->
      <class name="TravelAgency.blazedemo.BlazeDemoTest">
        <test-method is-config="true" signature="launchBrowserVerifyURL()[pri:0, instance:TravelAgency.blazedemo.BlazeDemoTest@f99f5e0]" started-at="2021-12-20T05:29:49Z" name="launchBrowserVerifyURL" finished-at="2021-12-20T05:29:53Z" duration-ms="3706" status="PASS">
          <reporter-output>
          </reporter-output>
        </test-method> <!-- launchBrowserVerifyURL -->
        <test-method is-config="true" signature="verifyPageHeadline()[pri:0, instance:TravelAgency.blazedemo.BlazeDemoTest@f99f5e0]" started-at="2021-12-20T05:29:53Z" name="verifyPageHeadline" finished-at="2021-12-20T05:29:53Z" duration-ms="49" status="PASS">
          <reporter-output>
          </reporter-output>
        </test-method> <!-- verifyPageHeadline -->
        <test-method signature="verifyDepartureAndDestination(java.lang.String, java.lang.String)[pri:0, instance:TravelAgency.blazedemo.BlazeDemoTest@f99f5e0]" started-at="2021-12-20T05:29:53Z" name="verifyDepartureAndDestination" data-provider="getSourceDestinationCity" finished-at="2021-12-20T05:29:53Z" duration-ms="592" status="PASS">
          <params>
            <param index="0">
              <value>
                <![CDATA[Mexico City]]>
              </value>
            </param>
            <param index="1">
              <value>
                <![CDATA[London]]>
              </value>
            </param>
          </params>
          <reporter-output>
          </reporter-output>
        </test-method> <!-- verifyDepartureAndDestination -->
        <test-method signature="verifyFlightBooking()[pri:0, instance:TravelAgency.blazedemo.BlazeDemoTest@f99f5e0]" started-at="2021-12-20T05:29:53Z" name="verifyFlightBooking" finished-at="2021-12-20T05:29:54Z" duration-ms="468" status="PASS">
          <reporter-output>
          </reporter-output>
        </test-method> <!-- verifyFlightBooking -->
        <test-method signature="verifyFlightPurchasePage(java.lang.String, java.lang.String, java.lang.String, java.lang.String, java.lang.String, java.lang.String, java.lang.String, java.lang.String, java.lang.String, java.lang.String)[pri:0, instance:TravelAgency.blazedemo.BlazeDemoTest@f99f5e0]" started-at="2021-12-20T05:29:54Z" name="verifyFlightPurchasePage" data-provider="getCustomerDetails" finished-at="2021-12-20T05:29:55Z" duration-ms="1674" status="PASS">
          <params>
            <param index="0">
              <value>
                <![CDATA[Cutomer Test Name]]>
              </value>
            </param>
            <param index="1">
              <value>
                <![CDATA[Address Test Value]]>
              </value>
            </param>
            <param index="2">
              <value>
                <![CDATA[City Test Value]]>
              </value>
            </param>
            <param index="3">
              <value>
                <![CDATA[State Test Value]]>
              </value>
            </param>
            <param index="4">
              <value>
                <![CDATA[12345]]>
              </value>
            </param>
            <param index="5">
              <value>
                <![CDATA[American Express]]>
              </value>
            </param>
            <param index="6">
              <value>
                <![CDATA[0123456789]]>
              </value>
            </param>
            <param index="7">
              <value>
                <![CDATA[12]]>
              </value>
            </param>
            <param index="8">
              <value>
                <![CDATA[2021]]>
              </value>
            </param>
            <param index="9">
              <value>
                <![CDATA[Customer Name]]>
              </value>
            </param>
          </params>
          <reporter-output>
          </reporter-output>
        </test-method> <!-- verifyFlightPurchasePage -->
        <test-method is-config="true" signature="closeDriver()[pri:0, instance:TravelAgency.blazedemo.BlazeDemoTest@f99f5e0]" started-at="2021-12-20T05:29:55Z" name="closeDriver" finished-at="2021-12-20T05:29:56Z" duration-ms="472" status="PASS">
          <reporter-output>
          </reporter-output>
        </test-method> <!-- closeDriver -->
      </class> <!-- TravelAgency.blazedemo.BlazeDemoTest -->
    </test> <!-- Test -->
  </suite> <!-- Suite -->
</testng-results>
