<?xml version="1.0" encoding="UTF-8"?>
<!-- Generated by org.testng.reporters.JUnitXMLReporter -->
<testsuite ignored="0" hostname="QT-INBG-LT1164" failures="0" tests="3" name="Default test" time="31.221" errors="0" timestamp="20 Dec 2021 05:24:17 GMT">
  <testcase classname="TravelAgency.blazedemo.BlazeDemoTest" name="verifyDepartureAndDestination" time="4.112"/>
  <testcase classname="TravelAgency.blazedemo.BlazeDemoTest" name="verifyFlightBooking" time="0.973"/>
  <testcase classname="TravelAgency.blazedemo.BlazeDemoTest" name="verifyFlightPurchasePage" time="21.538"/>
</testsuite> <!-- Default test -->
