<?xml version="1.0" encoding="UTF-8"?>
<!-- Generated by org.testng.reporters.JUnitXMLReporter -->
<testsuite ignored="0" hostname="QT-INBG-LT1164" failures="0" tests="4" name="Test" time="7.002" errors="0" timestamp="20 Dec 2021 05:29:56 GMT">
  <testcase classname="TravelAgency.blazedemo.BlazeDemoTest" name="verifyDepartureAndDestination" time="0.592"/>
  <testcase classname="TravelAgency.blazedemo.BlazeDemoTest" name="verifyFlightBooking" time="0.468"/>
  <testcase classname="TravelAgency.blazedemo.BlazeDemoTest" name="verifyFlightPurchasePage" time="1.674"/>
  <testcase classname="TravelAgency.blazedemo.AppTest" name="App" time="0.002"/>
</testsuite> <!-- Test -->
